/*C2*/SET SCHEMA PUBLIC
DELETE FROM "mendixsystem$version" WHERE "versionnumber"='4.2'
INSERT INTO "mendixsystem$version" VALUES('4.2','2020-01-07 22:21:09.133000','3.0.0','unversioned','MxGFXUtils')
COMMIT
/*C3*/SET SCHEMA PUBLIC
DELETE FROM "system$userrole" WHERE "id"=3096224743817217
INSERT INTO "system$userrole" VALUES(3096224743817217,'8dd52bfa-6d7e-453b-b506-303c0a3d9567','','Administrator')
DELETE FROM "system$userrole" WHERE "id"=3096224743817218
INSERT INTO "system$userrole" VALUES(3096224743817218,'53f5d6fa-6da9-4a71-b011-454ec052cce8','','User')
COMMIT
DELETE FROM "mendixsystem$properties" WHERE "key"='Mendix.Runtime.DeploymentID'
INSERT INTO "mendixsystem$properties" VALUES('Mendix.Runtime.DeploymentID','637140326886532762')
COMMIT
DELETE FROM "system$session" WHERE "id"=6755399441055745
DELETE FROM "system$session_user" WHERE "system$sessionid"=6755399441055745 AND "system$userid"=281474976710657
COMMIT
DELETE FROM "mendixsystem$entityidentifier" WHERE "id"='d4154981-8dac-4150-aec5-efa3ef62a7a2'
INSERT INTO "mendixsystem$entityidentifier" VALUES('d4154981-8dac-4150-aec5-efa3ef62a7a2',2,201)
COMMIT
INSERT INTO "system$xasinstance" VALUES(562949953421413,'92804a65-6d5a-466b-b326-0a75e02d30a1','2020-01-08 06:25:12.998000','2020-01-08 06:25:12.875000',NULL,NULL,NULL)
COMMIT
DELETE FROM "mendixsystem$entityidentifier" WHERE "id"='282e2e60-88a5-469d-84a5-ba8d9151644f'
INSERT INTO "mendixsystem$entityidentifier" VALUES('282e2e60-88a5-469d-84a5-ba8d9151644f',1,201)
COMMIT
INSERT INTO "system$user" VALUES(281474976710757,'2020-01-08 06:26:18.547000',TRUE,'2020-01-08 06:26:18.547000','2020-01-08 06:26:18.676000',FALSE,TRUE,0,FALSE,'Anonymous_999389ca-260d-41d0-8172-465bb14d45e6','{BCrypt}$2a$10$NMbJC7Gs.TrKpegoqH.wWuj1fOW1vzqAWPY1TMuO4Qnw8ZkCiBLQu','System.User',NULL,281474976710757)
INSERT INTO "system$userroles" VALUES(281474976710757,3096224743817217)
INSERT INTO "system$user_language" VALUES(281474976710757,7599824371187713)
COMMIT
DELETE FROM "system$user" WHERE "id"=281474976710757
INSERT INTO "system$user" VALUES(281474976710757,'2020-01-08 06:26:18.547000',TRUE,'2020-01-08 06:26:18.547000','2020-01-08 06:26:18.704000',FALSE,TRUE,0,FALSE,'Anonymous_999389ca-260d-41d0-8172-465bb14d45e6','{BCrypt}$2a$10$NMbJC7Gs.TrKpegoqH.wWuj1fOW1vzqAWPY1TMuO4Qnw8ZkCiBLQu','System.User',NULL,281474976710757)
COMMIT
/*C4*/SET SCHEMA PUBLIC
DELETE FROM "mendixsystem$entityidentifier" WHERE "id"='37f9fd49-5318-4c63-9a51-f761779b202f'
INSERT INTO "mendixsystem$entityidentifier" VALUES('37f9fd49-5318-4c63-9a51-f761779b202f',24,201)
COMMIT
INSERT INTO "system$session" VALUES(6755399441055845,'d0aee35c-d829-491a-8435-4c2b4d79788c','2020-01-08 06:26:18.754000','fbeb13d6-c316-4a7f-8a58-171252747456','2020-01-08 06:26:18.754000','92025bb4-a3e4-4cbc-bac8-8fbaee04ba3d')
INSERT INTO "system$session_user" VALUES(6755399441055845,281474976710757)
COMMIT
/*C2*/DELETE FROM "system$session" WHERE "id"=6755399441055845
INSERT INTO "system$session" VALUES(6755399441055845,'d0aee35c-d829-491a-8435-4c2b4d79788c','2020-01-08 06:26:18.754000','fbeb13d6-c316-4a7f-8a58-171252747456','2020-01-08 06:26:18.771000','92025bb4-a3e4-4cbc-bac8-8fbaee04ba3d')
COMMIT
